At test.c:6: warning: implicit declaration of function 'BlueBlah'
At tcc: error: undefined symbol 'SetPixel'
At tcc: error: undefined symbol 'BlueBlah'
